# JRE version: OpenJDK Runtime Environment JBR-11.0.11.9-1504.16-jcef (11.0.11+9) (build 11.0.11+9-b1504.16)
# Java VM: OpenJDK 64-Bit Server VM JBR-11.0.11.9-1504.16-jcef (11.0.11+9-b1504.16, mixed mode, tiered, compressed oops, g1 gc, windows-amd64)
Heap:
 garbage-first heap   total 131072K, used 9950K [0x00000000c0000000, 0x0000000100000000)
  region size 1024K, 5 young (5120K), 0 survivors (0K)
 Metaspace       used 17839K, capacity 18267K, committed 19200K, reserved 1067008K
  class space    used 1655K, capacity 1794K, committed 2048K, reserved 1048576K
GC Heap History (20 events):
Event: 649876.315 GC heap before
{Heap before GC invocations=182 (full 179):
 garbage-first heap   total 131072K, used 9950K [0x00000000c0000000, 0x0000000100000000)
  region size 1024K, 5 young (5120K), 0 survivors (0K)
 Metaspace       used 17839K, capacity 18267K, committed 19200K, reserved 1067008K
  class space    used 1655K, capacity 1794K, committed 2048K, reserved 1048576K
}
Event: 649876.329 GC heap after
{Heap after GC invocations=183 (full 180):
 garbage-first heap   total 131072K, used 5854K [0x00000000c0000000, 0x0000000100000000)
  region size 1024K, 0 young (0K), 0 survivors (0K)
 Metaspace       used 17839K, capacity 18267K, committed 19200K, reserved 1067008K
  class space    used 1655K, capacity 1794K, committed 2048K, reserved 1048576K
}
Event: 653476.330 GC heap before
{Heap before GC invocations=183 (full 180):
 garbage-first heap   total 131072K, used 9950K [0x00000000c0000000, 0x0000000100000000)
  region size 1024K, 5 young (5120K), 0 survivors (0K)
 Metaspace       used 17839K, capacity 18267K, committed 19200K, reserved 1067008K
  class space    used 1655K, capacity 1794K, committed 2048K, reserved 1048576K
}
Event: 653476.343 GC heap after
{Heap after GC invocations=184 (full 181):
 garbage-first heap   total 131072K, used 5854K [0x00000000c0000000, 0x0000000100000000)
  region size 1024K, 0 young (0K), 0 survivors (0K)
 Metaspace       used 17839K, capacity 18267K, committed 19200K, reserved 1067008K
  class space    used 1655K, capacity 1794K, committed 2048K, reserved 1048576K
}
Event: 657076.344 GC heap before
{Heap before GC invocations=184 (full 181):
 garbage-first heap   total 131072K, used 9950K [0x00000000c0000000, 0x0000000100000000)
  region size 1024K, 5 young (5120K), 0 survivors (0K)
 Metaspace       used 17839K, capacity 18267K, committed 19200K, reserved 1067008K
  class space    used 1655K, capacity 1794K, committed 2048K, reserved 1048576K
}
Event: 657076.357 GC heap after
{Heap after GC invocations=185 (full 182):
 garbage-first heap   total 131072K, used 5854K [0x00000000c0000000, 0x0000000100000000)
  region size 1024K, 0 young (0K), 0 survivors (0K)
 Metaspace       used 17839K, capacity 18267K, committed 19200K, reserved 1067008K
  class space    used 1655K, capacity 1794K, committed 2048K, reserved 1048576K
}
Event: 660676.358 GC heap before
{Heap before GC invocations=185 (full 182):
 garbage-first heap   total 131072K, used 9950K [0x00000000c0000000, 0x0000000100000000)
  region size 1024K, 5 young (5120K), 0 survivors (0K)
 Metaspace       used 17839K, capacity 18267K, committed 19200K, reserved 1067008K
  class space    used 1655K, capacity 1794K, committed 2048K, reserved 1048576K
}
Event: 660676.371 GC heap after
{Heap after GC invocations=186 (full 183):
 garbage-first heap   total 131072K, used 5854K [0x00000000c0000000, 0x0000000100000000)
  region size 1024K, 0 young (0K), 0 survivors (0K)
 Metaspace       used 17839K, capacity 18267K, committed 19200K, reserved 1067008K
  class space    used 1655K, capacity 1794K, committed 2048K, reserved 1048576K
}
Event: 664276.372 GC heap before
{Heap before GC invocations=186 (full 183):
 garbage-first heap   total 131072K, used 9950K [0x00000000c0000000, 0x0000000100000000)
  region size 1024K, 5 young (5120K), 0 survivors (0K)
 Metaspace       used 17839K, capacity 18267K, committed 19200K, reserved 1067008K
  class space    used 1655K, capacity 1794K, committed 2048K, reserved 1048576K
}
Event: 664276.385 GC heap after
{Heap after GC invocations=187 (full 184):
 garbage-first heap   total 131072K, used 5854K [0x00000000c0000000, 0x0000000100000000)
  region size 1024K, 0 young (0K), 0 survivors (0K)
 Metaspace       used 17839K, capacity 18267K, committed 19200K, reserved 1067008K
  class space    used 1655K, capacity 1794K, committed 2048K, reserved 1048576K
}
Event: 667876.385 GC heap before
{Heap before GC invocations=187 (full 184):
 garbage-first heap   total 131072K, used 9950K [0x00000000c0000000, 0x0000000100000000)
  region size 1024K, 5 young (5120K), 0 survivors (0K)
 Metaspace       used 17839K, capacity 18267K, committed 19200K, reserved 1067008K
  class space    used 1655K, capacity 1794K, committed 2048K, reserved 1048576K
}
Event: 667876.399 GC heap after
{Heap after GC invocations=188 (full 185):
 garbage-first heap   total 131072K, used 5854K [0x00000000c0000000, 0x0000000100000000)
  region size 1024K, 0 young (0K), 0 survivors (0K)
 Metaspace       used 17839K, capacity 18267K, committed 19200K, reserved 1067008K
  class space    used 1655K, capacity 1794K, committed 2048K, reserved 1048576K
}
Event: 671476.399 GC heap before
{Heap before GC invocations=188 (full 185):
 garbage-first heap   total 131072K, used 9950K [0x00000000c0000000, 0x0000000100000000)
  region size 1024K, 5 young (5120K), 0 survivors (0K)
 Metaspace       used 17839K, capacity 18267K, committed 19200K, reserved 1067008K
  class space    used 1655K, capacity 1794K, committed 2048K, reserved 1048576K
}
Event: 671476.413 GC heap after
{Heap after GC invocations=189 (full 186):
 garbage-first heap   total 131072K, used 5854K [0x00000000c0000000, 0x0000000100000000)
  region size 1024K, 0 young (0K), 0 survivors (0K)
 Metaspace       used 17839K, capacity 18267K, committed 19200K, reserved 1067008K
  class space    used 1655K, capacity 1794K, committed 2048K, reserved 1048576K
}
Event: 675076.413 GC heap before
{Heap before GC invocations=189 (full 186):
 garbage-first heap   total 131072K, used 9950K [0x00000000c0000000, 0x0000000100000000)
  region size 1024K, 5 young (5120K), 0 survivors (0K)
 Metaspace       used 17839K, capacity 18267K, committed 19200K, reserved 1067008K
  class space    used 1655K, capacity 1794K, committed 2048K, reserved 1048576K
}
Event: 675076.427 GC heap after
{Heap after GC invocations=190 (full 187):
 garbage-first heap   total 131072K, used 5854K [0x00000000c0000000, 0x0000000100000000)
  region size 1024K, 0 young (0K), 0 survivors (0K)
 Metaspace       used 17839K, capacity 18267K, committed 19200K, reserved 1067008K
  class space    used 1655K, capacity 1794K, committed 2048K, reserved 1048576K
}
Event: 678676.428 GC heap before
{Heap before GC invocations=190 (full 187):
 garbage-first heap   total 131072K, used 9950K [0x00000000c0000000, 0x0000000100000000)
  region size 1024K, 5 young (5120K), 0 survivors (0K)
 Metaspace       used 17839K, capacity 18267K, committed 19200K, reserved 1067008K
  class space    used 1655K, capacity 1794K, committed 2048K, reserved 1048576K
}
Event: 678676.441 GC heap after
{Heap after GC invocations=191 (full 188):
 garbage-first heap   total 131072K, used 5854K [0x00000000c0000000, 0x0000000100000000)
  region size 1024K, 0 young (0K), 0 survivors (0K)
 Metaspace       used 17839K, capacity 18267K, committed 19200K, reserved 1067008K
  class space    used 1655K, capacity 1794K, committed 2048K, reserved 1048576K
}
Event: 682276.442 GC heap before
{Heap before GC invocations=191 (full 188):
 garbage-first heap   total 131072K, used 9950K [0x00000000c0000000, 0x0000000100000000)
  region size 1024K, 5 young (5120K), 0 survivors (0K)
 Metaspace       used 17839K, capacity 18267K, committed 19200K, reserved 1067008K
  class space    used 1655K, capacity 1794K, committed 2048K, reserved 1048576K
}
Event: 682276.455 GC heap after
{Heap after GC invocations=192 (full 189):
 garbage-first heap   total 131072K, used 5854K [0x00000000c0000000, 0x0000000100000000)
  region size 1024K, 0 young (0K), 0 survivors (0K)
 Metaspace       used 17839K, capacity 18267K, committed 19200K, reserved 1067008K
  class space    used 1655K, capacity 1794K, committed 2048K, reserved 1048576K
}

